d:\桌面\os-project\os-project\x64\debug\vc143.pdb
d:\桌面\os-project\os-project\x64\debug\vc143.idb
d:\桌面\os-project\os-project\x64\debug\timetask.obj
d:\桌面\os-project\os-project\x64\debug\process.obj
d:\桌面\os-project\os-project\x64\debug\os.obj
d:\桌面\os-project\os-project\x64\debug\link.obj
d:\桌面\os-project\os-project\x64\debug\mem.obj
d:\桌面\os-project\os-project\x64\debug\main.obj
d:\桌面\os-project\os-project\x64\debug\file.obj
d:\桌面\os-project\os-project\x64\debug\debug.obj
d:\桌面\os-project\os-project\x64\debug\blockingqueue.obj
d:\桌面\os-project\x64\debug\os-project.pdb
d:\桌面\os-project\os-project\x64\debug\os-project.tlog\cl.command.1.tlog
d:\桌面\os-project\os-project\x64\debug\os-project.tlog\cl.items.tlog
d:\桌面\os-project\os-project\x64\debug\os-project.tlog\cl.read.1.tlog
d:\桌面\os-project\os-project\x64\debug\os-project.tlog\cl.write.1.tlog
d:\桌面\os-project\os-project\x64\debug\os-project.tlog\link-cvtres.read.1.tlog
d:\桌面\os-project\os-project\x64\debug\os-project.tlog\link-cvtres.write.1.tlog
d:\桌面\os-project\os-project\x64\debug\os-project.tlog\link-rc.read.1.tlog
d:\桌面\os-project\os-project\x64\debug\os-project.tlog\link-rc.write.1.tlog
d:\桌面\os-project\os-project\x64\debug\os-project.tlog\link.17968-cvtres.read.1.tlog
d:\桌面\os-project\os-project\x64\debug\os-project.tlog\link.17968-cvtres.write.1.tlog
d:\桌面\os-project\os-project\x64\debug\os-project.tlog\link.17968-rc.read.1.tlog
d:\桌面\os-project\os-project\x64\debug\os-project.tlog\link.17968-rc.write.1.tlog
d:\桌面\os-project\os-project\x64\debug\os-project.tlog\link.17968.read.1.tlog
d:\桌面\os-project\os-project\x64\debug\os-project.tlog\link.17968.read.2.tlog
d:\桌面\os-project\os-project\x64\debug\os-project.tlog\link.17968.read.3.tlog
d:\桌面\os-project\os-project\x64\debug\os-project.tlog\link.17968.read.4.tlog
d:\桌面\os-project\os-project\x64\debug\os-project.tlog\link.17968.read.5.tlog
d:\桌面\os-project\os-project\x64\debug\os-project.tlog\link.17968.read.6.tlog
d:\桌面\os-project\os-project\x64\debug\os-project.tlog\link.17968.write.1.tlog
d:\桌面\os-project\os-project\x64\debug\os-project.tlog\link.command.1.tlog
d:\桌面\os-project\os-project\x64\debug\os-project.tlog\link.read.1.tlog
d:\桌面\os-project\os-project\x64\debug\os-project.tlog\link.read.2.tlog
d:\桌面\os-project\os-project\x64\debug\os-project.tlog\link.read.3.tlog
d:\桌面\os-project\os-project\x64\debug\os-project.tlog\link.read.4.tlog
d:\桌面\os-project\os-project\x64\debug\os-project.tlog\link.read.5.tlog
d:\桌面\os-project\os-project\x64\debug\os-project.tlog\link.read.6.tlog
d:\桌面\os-project\os-project\x64\debug\os-project.tlog\link.write.1.tlog
